2020-12-21T22:11:54.591Z error: bst-test            Error using bst-test on Node: v12.18.3
2020-12-21T22:11:54.603Z error: bst-test            ReferenceError: HelloWorldIntentHandler is not defined
    at Object.<anonymous> (/Users/jamespage/Projects/voice-apps/learning/CocktailMaker/lambda/index.js:167:9)
    at Runtime._execModule (/usr/local/lib/node_modules/bespoken-tools/node_modules/jest-runtime/build/index.js:867:68)
    at Runtime._loadModule (/usr/local/lib/node_modules/bespoken-tools/node_modules/jest-runtime/build/index.js:577:12)
    at Runtime.requireModule (/usr/local/lib/node_modules/bespoken-tools/node_modules/jest-runtime/build/index.js:433:10)
    at Runtime.requireModuleOrMock (/usr/local/lib/node_modules/bespoken-tools/node_modules/jest-runtime/build/index.js:598:21)
    at Function.Object.<anonymous>.ModuleInvoker.invokeHandler (/usr/local/lib/node_modules/bespoken-tools/node_modules/skill-testing-ml/node_modules/virtual-alexa/lib/src/impl/ModuleInvoker.js:17:29)
    at LocalSkillInteractor.Object.<anonymous>.LocalSkillInteractor.invoke (/usr/local/lib/node_modules/bespoken-tools/node_modules/skill-testing-ml/node_modules/virtual-alexa/lib/src/impl/LocalSkillInteractor.js:24:50)
    at LocalSkillInteractor.<anonymous> (/usr/local/lib/node_modules/bespoken-tools/node_modules/skill-testing-ml/node_modules/virtual-alexa/lib/src/impl/SkillInteractor.js:65:41)
    at step (/usr/local/lib/node_modules/bespoken-tools/node_modules/skill-testing-ml/node_modules/virtual-alexa/lib/src/impl/SkillInteractor.js:32:23)
    at Object.next (/usr/local/lib/node_modules/bespoken-tools/node_modules/skill-testing-ml/node_modules/virtual-alexa/lib/src/impl/SkillInteractor.js:13:53)
2020-12-21T22:11:54.604Z error: bst-test            Error using bst-test on Node: v12.18.3
2020-12-21T22:11:54.604Z error: bst-test            TypeError: lambdaFunction is not a function
    at /usr/local/lib/node_modules/bespoken-tools/node_modules/skill-testing-ml/node_modules/virtual-alexa/lib/src/impl/ModuleInvoker.js:31:27
    at new Promise (<anonymous>)
    at Function.Object.<anonymous>.ModuleInvoker.invokeFunction (/usr/local/lib/node_modules/bespoken-tools/node_modules/skill-testing-ml/node_modules/virtual-alexa/lib/src/impl/ModuleInvoker.js:21:16)
    at Function.Object.<anonymous>.ModuleInvoker.invokeHandler (/usr/local/lib/node_modules/bespoken-tools/node_modules/skill-testing-ml/node_modules/virtual-alexa/lib/src/impl/ModuleInvoker.js:18:30)
    at LocalSkillInteractor.Object.<anonymous>.LocalSkillInteractor.invoke (/usr/local/lib/node_modules/bespoken-tools/node_modules/skill-testing-ml/node_modules/virtual-alexa/lib/src/impl/LocalSkillInteractor.js:24:50)
    at LocalSkillInteractor.<anonymous> (/usr/local/lib/node_modules/bespoken-tools/node_modules/skill-testing-ml/node_modules/virtual-alexa/lib/src/impl/SkillInteractor.js:65:41)
    at step (/usr/local/lib/node_modules/bespoken-tools/node_modules/skill-testing-ml/node_modules/virtual-alexa/lib/src/impl/SkillInteractor.js:32:23)
    at Object.next (/usr/local/lib/node_modules/bespoken-tools/node_modules/skill-testing-ml/node_modules/virtual-alexa/lib/src/impl/SkillInteractor.js:13:53)
    at /usr/local/lib/node_modules/bespoken-tools/node_modules/skill-testing-ml/node_modules/virtual-alexa/lib/src/impl/SkillInteractor.js:7:71
    at new Promise (<anonymous>)
2020-12-21T22:11:54.605Z error: bst-test            Error using bst-test on Node: v12.18.3
2020-12-21T22:11:54.605Z error: bst-test            TypeError: lambdaFunction is not a function
    at /usr/local/lib/node_modules/bespoken-tools/node_modules/skill-testing-ml/node_modules/virtual-alexa/lib/src/impl/ModuleInvoker.js:31:27
    at new Promise (<anonymous>)
    at Function.Object.<anonymous>.ModuleInvoker.invokeFunction (/usr/local/lib/node_modules/bespoken-tools/node_modules/skill-testing-ml/node_modules/virtual-alexa/lib/src/impl/ModuleInvoker.js:21:16)
    at Function.Object.<anonymous>.ModuleInvoker.invokeHandler (/usr/local/lib/node_modules/bespoken-tools/node_modules/skill-testing-ml/node_modules/virtual-alexa/lib/src/impl/ModuleInvoker.js:18:30)
    at LocalSkillInteractor.Object.<anonymous>.LocalSkillInteractor.invoke (/usr/local/lib/node_modules/bespoken-tools/node_modules/skill-testing-ml/node_modules/virtual-alexa/lib/src/impl/LocalSkillInteractor.js:24:50)
    at LocalSkillInteractor.<anonymous> (/usr/local/lib/node_modules/bespoken-tools/node_modules/skill-testing-ml/node_modules/virtual-alexa/lib/src/impl/SkillInteractor.js:65:41)
    at step (/usr/local/lib/node_modules/bespoken-tools/node_modules/skill-testing-ml/node_modules/virtual-alexa/lib/src/impl/SkillInteractor.js:32:23)
    at Object.next (/usr/local/lib/node_modules/bespoken-tools/node_modules/skill-testing-ml/node_modules/virtual-alexa/lib/src/impl/SkillInteractor.js:13:53)
    at /usr/local/lib/node_modules/bespoken-tools/node_modules/skill-testing-ml/node_modules/virtual-alexa/lib/src/impl/SkillInteractor.js:7:71
    at new Promise (<anonymous>)
2020-12-21T22:11:54.606Z error: bst-test            Error using bst-test on Node: v12.18.3
2020-12-21T22:11:54.606Z error: bst-test            TypeError: lambdaFunction is not a function
    at /usr/local/lib/node_modules/bespoken-tools/node_modules/skill-testing-ml/node_modules/virtual-alexa/lib/src/impl/ModuleInvoker.js:31:27
    at new Promise (<anonymous>)
    at Function.Object.<anonymous>.ModuleInvoker.invokeFunction (/usr/local/lib/node_modules/bespoken-tools/node_modules/skill-testing-ml/node_modules/virtual-alexa/lib/src/impl/ModuleInvoker.js:21:16)
    at Function.Object.<anonymous>.ModuleInvoker.invokeHandler (/usr/local/lib/node_modules/bespoken-tools/node_modules/skill-testing-ml/node_modules/virtual-alexa/lib/src/impl/ModuleInvoker.js:18:30)
    at LocalSkillInteractor.Object.<anonymous>.LocalSkillInteractor.invoke (/usr/local/lib/node_modules/bespoken-tools/node_modules/skill-testing-ml/node_modules/virtual-alexa/lib/src/impl/LocalSkillInteractor.js:24:50)
    at LocalSkillInteractor.<anonymous> (/usr/local/lib/node_modules/bespoken-tools/node_modules/skill-testing-ml/node_modules/virtual-alexa/lib/src/impl/SkillInteractor.js:65:41)
    at step (/usr/local/lib/node_modules/bespoken-tools/node_modules/skill-testing-ml/node_modules/virtual-alexa/lib/src/impl/SkillInteractor.js:32:23)
    at Object.next (/usr/local/lib/node_modules/bespoken-tools/node_modules/skill-testing-ml/node_modules/virtual-alexa/lib/src/impl/SkillInteractor.js:13:53)
    at /usr/local/lib/node_modules/bespoken-tools/node_modules/skill-testing-ml/node_modules/virtual-alexa/lib/src/impl/SkillInteractor.js:7:71
    at new Promise (<anonymous>)
2020-12-21T22:11:54.606Z error: bst-test            Error using bst-test on Node: v12.18.3
2020-12-21T22:11:54.607Z error: bst-test            TypeError: lambdaFunction is not a function
    at /usr/local/lib/node_modules/bespoken-tools/node_modules/skill-testing-ml/node_modules/virtual-alexa/lib/src/impl/ModuleInvoker.js:31:27
    at new Promise (<anonymous>)
    at Function.Object.<anonymous>.ModuleInvoker.invokeFunction (/usr/local/lib/node_modules/bespoken-tools/node_modules/skill-testing-ml/node_modules/virtual-alexa/lib/src/impl/ModuleInvoker.js:21:16)
    at Function.Object.<anonymous>.ModuleInvoker.invokeHandler (/usr/local/lib/node_modules/bespoken-tools/node_modules/skill-testing-ml/node_modules/virtual-alexa/lib/src/impl/ModuleInvoker.js:18:30)
    at LocalSkillInteractor.Object.<anonymous>.LocalSkillInteractor.invoke (/usr/local/lib/node_modules/bespoken-tools/node_modules/skill-testing-ml/node_modules/virtual-alexa/lib/src/impl/LocalSkillInteractor.js:24:50)
    at LocalSkillInteractor.<anonymous> (/usr/local/lib/node_modules/bespoken-tools/node_modules/skill-testing-ml/node_modules/virtual-alexa/lib/src/impl/SkillInteractor.js:65:41)
    at step (/usr/local/lib/node_modules/bespoken-tools/node_modules/skill-testing-ml/node_modules/virtual-alexa/lib/src/impl/SkillInteractor.js:32:23)
    at Object.next (/usr/local/lib/node_modules/bespoken-tools/node_modules/skill-testing-ml/node_modules/virtual-alexa/lib/src/impl/SkillInteractor.js:13:53)
    at /usr/local/lib/node_modules/bespoken-tools/node_modules/skill-testing-ml/node_modules/virtual-alexa/lib/src/impl/SkillInteractor.js:7:71
    at new Promise (<anonymous>)
2020-12-21T22:11:54.608Z error: bst-test            Error using bst-test on Node: v12.18.3
2020-12-21T22:11:54.608Z error: bst-test            TypeError: lambdaFunction is not a function
    at /usr/local/lib/node_modules/bespoken-tools/node_modules/skill-testing-ml/node_modules/virtual-alexa/lib/src/impl/ModuleInvoker.js:31:27
    at new Promise (<anonymous>)
    at Function.Object.<anonymous>.ModuleInvoker.invokeFunction (/usr/local/lib/node_modules/bespoken-tools/node_modules/skill-testing-ml/node_modules/virtual-alexa/lib/src/impl/ModuleInvoker.js:21:16)
    at Function.Object.<anonymous>.ModuleInvoker.invokeHandler (/usr/local/lib/node_modules/bespoken-tools/node_modules/skill-testing-ml/node_modules/virtual-alexa/lib/src/impl/ModuleInvoker.js:18:30)
    at LocalSkillInteractor.Object.<anonymous>.LocalSkillInteractor.invoke (/usr/local/lib/node_modules/bespoken-tools/node_modules/skill-testing-ml/node_modules/virtual-alexa/lib/src/impl/LocalSkillInteractor.js:24:50)
    at LocalSkillInteractor.<anonymous> (/usr/local/lib/node_modules/bespoken-tools/node_modules/skill-testing-ml/node_modules/virtual-alexa/lib/src/impl/SkillInteractor.js:65:41)
    at step (/usr/local/lib/node_modules/bespoken-tools/node_modules/skill-testing-ml/node_modules/virtual-alexa/lib/src/impl/SkillInteractor.js:32:23)
    at Object.next (/usr/local/lib/node_modules/bespoken-tools/node_modules/skill-testing-ml/node_modules/virtual-alexa/lib/src/impl/SkillInteractor.js:13:53)
    at /usr/local/lib/node_modules/bespoken-tools/node_modules/skill-testing-ml/node_modules/virtual-alexa/lib/src/impl/SkillInteractor.js:7:71
    at new Promise (<anonymous>)
2020-12-21T22:11:54.608Z error: bst-test            Error using bst-test on Node: v12.18.3
2020-12-21T22:11:54.609Z error: bst-test            TypeError: lambdaFunction is not a function
    at /usr/local/lib/node_modules/bespoken-tools/node_modules/skill-testing-ml/node_modules/virtual-alexa/lib/src/impl/ModuleInvoker.js:31:27
    at new Promise (<anonymous>)
    at Function.Object.<anonymous>.ModuleInvoker.invokeFunction (/usr/local/lib/node_modules/bespoken-tools/node_modules/skill-testing-ml/node_modules/virtual-alexa/lib/src/impl/ModuleInvoker.js:21:16)
    at Function.Object.<anonymous>.ModuleInvoker.invokeHandler (/usr/local/lib/node_modules/bespoken-tools/node_modules/skill-testing-ml/node_modules/virtual-alexa/lib/src/impl/ModuleInvoker.js:18:30)
    at LocalSkillInteractor.Object.<anonymous>.LocalSkillInteractor.invoke (/usr/local/lib/node_modules/bespoken-tools/node_modules/skill-testing-ml/node_modules/virtual-alexa/lib/src/impl/LocalSkillInteractor.js:24:50)
    at LocalSkillInteractor.<anonymous> (/usr/local/lib/node_modules/bespoken-tools/node_modules/skill-testing-ml/node_modules/virtual-alexa/lib/src/impl/SkillInteractor.js:65:41)
    at step (/usr/local/lib/node_modules/bespoken-tools/node_modules/skill-testing-ml/node_modules/virtual-alexa/lib/src/impl/SkillInteractor.js:32:23)
    at Object.next (/usr/local/lib/node_modules/bespoken-tools/node_modules/skill-testing-ml/node_modules/virtual-alexa/lib/src/impl/SkillInteractor.js:13:53)
    at /usr/local/lib/node_modules/bespoken-tools/node_modules/skill-testing-ml/node_modules/virtual-alexa/lib/src/impl/SkillInteractor.js:7:71
    at new Promise (<anonymous>)
2020-12-21T22:11:54.609Z error: bst-test            Error using bst-test on Node: v12.18.3
2020-12-21T22:11:54.609Z error: bst-test            TypeError: lambdaFunction is not a function
    at /usr/local/lib/node_modules/bespoken-tools/node_modules/skill-testing-ml/node_modules/virtual-alexa/lib/src/impl/ModuleInvoker.js:31:27
    at new Promise (<anonymous>)
    at Function.Object.<anonymous>.ModuleInvoker.invokeFunction (/usr/local/lib/node_modules/bespoken-tools/node_modules/skill-testing-ml/node_modules/virtual-alexa/lib/src/impl/ModuleInvoker.js:21:16)
    at Function.Object.<anonymous>.ModuleInvoker.invokeHandler (/usr/local/lib/node_modules/bespoken-tools/node_modules/skill-testing-ml/node_modules/virtual-alexa/lib/src/impl/ModuleInvoker.js:18:30)
    at LocalSkillInteractor.Object.<anonymous>.LocalSkillInteractor.invoke (/usr/local/lib/node_modules/bespoken-tools/node_modules/skill-testing-ml/node_modules/virtual-alexa/lib/src/impl/LocalSkillInteractor.js:24:50)
    at LocalSkillInteractor.<anonymous> (/usr/local/lib/node_modules/bespoken-tools/node_modules/skill-testing-ml/node_modules/virtual-alexa/lib/src/impl/SkillInteractor.js:65:41)
    at step (/usr/local/lib/node_modules/bespoken-tools/node_modules/skill-testing-ml/node_modules/virtual-alexa/lib/src/impl/SkillInteractor.js:32:23)
    at Object.next (/usr/local/lib/node_modules/bespoken-tools/node_modules/skill-testing-ml/node_modules/virtual-alexa/lib/src/impl/SkillInteractor.js:13:53)
    at /usr/local/lib/node_modules/bespoken-tools/node_modules/skill-testing-ml/node_modules/virtual-alexa/lib/src/impl/SkillInteractor.js:7:71
    at new Promise (<anonymous>)
2020-12-21T22:11:54.610Z error: bst-test            Error using bst-test on Node: v12.18.3
2020-12-21T22:11:54.610Z error: bst-test            TypeError: lambdaFunction is not a function
    at /usr/local/lib/node_modules/bespoken-tools/node_modules/skill-testing-ml/node_modules/virtual-alexa/lib/src/impl/ModuleInvoker.js:31:27
    at new Promise (<anonymous>)
    at Function.Object.<anonymous>.ModuleInvoker.invokeFunction (/usr/local/lib/node_modules/bespoken-tools/node_modules/skill-testing-ml/node_modules/virtual-alexa/lib/src/impl/ModuleInvoker.js:21:16)
    at Function.Object.<anonymous>.ModuleInvoker.invokeHandler (/usr/local/lib/node_modules/bespoken-tools/node_modules/skill-testing-ml/node_modules/virtual-alexa/lib/src/impl/ModuleInvoker.js:18:30)
    at LocalSkillInteractor.Object.<anonymous>.LocalSkillInteractor.invoke (/usr/local/lib/node_modules/bespoken-tools/node_modules/skill-testing-ml/node_modules/virtual-alexa/lib/src/impl/LocalSkillInteractor.js:24:50)
    at LocalSkillInteractor.<anonymous> (/usr/local/lib/node_modules/bespoken-tools/node_modules/skill-testing-ml/node_modules/virtual-alexa/lib/src/impl/SkillInteractor.js:65:41)
    at step (/usr/local/lib/node_modules/bespoken-tools/node_modules/skill-testing-ml/node_modules/virtual-alexa/lib/src/impl/SkillInteractor.js:32:23)
    at Object.next (/usr/local/lib/node_modules/bespoken-tools/node_modules/skill-testing-ml/node_modules/virtual-alexa/lib/src/impl/SkillInteractor.js:13:53)
    at /usr/local/lib/node_modules/bespoken-tools/node_modules/skill-testing-ml/node_modules/virtual-alexa/lib/src/impl/SkillInteractor.js:7:71
    at new Promise (<anonymous>)
2020-12-21T22:11:54.610Z error: bst-test            Error using bst-test on Node: v12.18.3
2020-12-21T22:11:54.610Z error: bst-test            TypeError: lambdaFunction is not a function
    at /usr/local/lib/node_modules/bespoken-tools/node_modules/skill-testing-ml/node_modules/virtual-alexa/lib/src/impl/ModuleInvoker.js:31:27
    at new Promise (<anonymous>)
    at Function.Object.<anonymous>.ModuleInvoker.invokeFunction (/usr/local/lib/node_modules/bespoken-tools/node_modules/skill-testing-ml/node_modules/virtual-alexa/lib/src/impl/ModuleInvoker.js:21:16)
    at Function.Object.<anonymous>.ModuleInvoker.invokeHandler (/usr/local/lib/node_modules/bespoken-tools/node_modules/skill-testing-ml/node_modules/virtual-alexa/lib/src/impl/ModuleInvoker.js:18:30)
    at LocalSkillInteractor.Object.<anonymous>.LocalSkillInteractor.invoke (/usr/local/lib/node_modules/bespoken-tools/node_modules/skill-testing-ml/node_modules/virtual-alexa/lib/src/impl/LocalSkillInteractor.js:24:50)
    at LocalSkillInteractor.<anonymous> (/usr/local/lib/node_modules/bespoken-tools/node_modules/skill-testing-ml/node_modules/virtual-alexa/lib/src/impl/SkillInteractor.js:65:41)
    at step (/usr/local/lib/node_modules/bespoken-tools/node_modules/skill-testing-ml/node_modules/virtual-alexa/lib/src/impl/SkillInteractor.js:32:23)
    at Object.next (/usr/local/lib/node_modules/bespoken-tools/node_modules/skill-testing-ml/node_modules/virtual-alexa/lib/src/impl/SkillInteractor.js:13:53)
    at /usr/local/lib/node_modules/bespoken-tools/node_modules/skill-testing-ml/node_modules/virtual-alexa/lib/src/impl/SkillInteractor.js:7:71
    at new Promise (<anonymous>)
2020-12-21T22:11:54.611Z error: bst-test            Error using bst-test on Node: v12.18.3
2020-12-21T22:11:54.611Z error: bst-test            TypeError: lambdaFunction is not a function
    at /usr/local/lib/node_modules/bespoken-tools/node_modules/skill-testing-ml/node_modules/virtual-alexa/lib/src/impl/ModuleInvoker.js:31:27
    at new Promise (<anonymous>)
    at Function.Object.<anonymous>.ModuleInvoker.invokeFunction (/usr/local/lib/node_modules/bespoken-tools/node_modules/skill-testing-ml/node_modules/virtual-alexa/lib/src/impl/ModuleInvoker.js:21:16)
    at Function.Object.<anonymous>.ModuleInvoker.invokeHandler (/usr/local/lib/node_modules/bespoken-tools/node_modules/skill-testing-ml/node_modules/virtual-alexa/lib/src/impl/ModuleInvoker.js:18:30)
    at LocalSkillInteractor.Object.<anonymous>.LocalSkillInteractor.invoke (/usr/local/lib/node_modules/bespoken-tools/node_modules/skill-testing-ml/node_modules/virtual-alexa/lib/src/impl/LocalSkillInteractor.js:24:50)
    at LocalSkillInteractor.<anonymous> (/usr/local/lib/node_modules/bespoken-tools/node_modules/skill-testing-ml/node_modules/virtual-alexa/lib/src/impl/SkillInteractor.js:65:41)
    at step (/usr/local/lib/node_modules/bespoken-tools/node_modules/skill-testing-ml/node_modules/virtual-alexa/lib/src/impl/SkillInteractor.js:32:23)
    at Object.next (/usr/local/lib/node_modules/bespoken-tools/node_modules/skill-testing-ml/node_modules/virtual-alexa/lib/src/impl/SkillInteractor.js:13:53)
    at /usr/local/lib/node_modules/bespoken-tools/node_modules/skill-testing-ml/node_modules/virtual-alexa/lib/src/impl/SkillInteractor.js:7:71
    at new Promise (<anonymous>)
2020-12-21T22:11:54.611Z error: bst-test            Error using bst-test on Node: v12.18.3
2020-12-21T22:11:54.611Z error: bst-test            TypeError: lambdaFunction is not a function
    at /usr/local/lib/node_modules/bespoken-tools/node_modules/skill-testing-ml/node_modules/virtual-alexa/lib/src/impl/ModuleInvoker.js:31:27
    at new Promise (<anonymous>)
    at Function.Object.<anonymous>.ModuleInvoker.invokeFunction (/usr/local/lib/node_modules/bespoken-tools/node_modules/skill-testing-ml/node_modules/virtual-alexa/lib/src/impl/ModuleInvoker.js:21:16)
    at Function.Object.<anonymous>.ModuleInvoker.invokeHandler (/usr/local/lib/node_modules/bespoken-tools/node_modules/skill-testing-ml/node_modules/virtual-alexa/lib/src/impl/ModuleInvoker.js:18:30)
    at LocalSkillInteractor.Object.<anonymous>.LocalSkillInteractor.invoke (/usr/local/lib/node_modules/bespoken-tools/node_modules/skill-testing-ml/node_modules/virtual-alexa/lib/src/impl/LocalSkillInteractor.js:24:50)
    at LocalSkillInteractor.<anonymous> (/usr/local/lib/node_modules/bespoken-tools/node_modules/skill-testing-ml/node_modules/virtual-alexa/lib/src/impl/SkillInteractor.js:65:41)
    at step (/usr/local/lib/node_modules/bespoken-tools/node_modules/skill-testing-ml/node_modules/virtual-alexa/lib/src/impl/SkillInteractor.js:32:23)
    at Object.next (/usr/local/lib/node_modules/bespoken-tools/node_modules/skill-testing-ml/node_modules/virtual-alexa/lib/src/impl/SkillInteractor.js:13:53)
    at /usr/local/lib/node_modules/bespoken-tools/node_modules/skill-testing-ml/node_modules/virtual-alexa/lib/src/impl/SkillInteractor.js:7:71
    at new Promise (<anonymous>)
2020-12-21T22:11:54.612Z error: bst-test            Error using bst-test on Node: v12.18.3
2020-12-21T22:11:54.612Z error: bst-test            TypeError: lambdaFunction is not a function
    at /usr/local/lib/node_modules/bespoken-tools/node_modules/skill-testing-ml/node_modules/virtual-alexa/lib/src/impl/ModuleInvoker.js:31:27
    at new Promise (<anonymous>)
    at Function.Object.<anonymous>.ModuleInvoker.invokeFunction (/usr/local/lib/node_modules/bespoken-tools/node_modules/skill-testing-ml/node_modules/virtual-alexa/lib/src/impl/ModuleInvoker.js:21:16)
    at Function.Object.<anonymous>.ModuleInvoker.invokeHandler (/usr/local/lib/node_modules/bespoken-tools/node_modules/skill-testing-ml/node_modules/virtual-alexa/lib/src/impl/ModuleInvoker.js:18:30)
    at LocalSkillInteractor.Object.<anonymous>.LocalSkillInteractor.invoke (/usr/local/lib/node_modules/bespoken-tools/node_modules/skill-testing-ml/node_modules/virtual-alexa/lib/src/impl/LocalSkillInteractor.js:24:50)
    at LocalSkillInteractor.<anonymous> (/usr/local/lib/node_modules/bespoken-tools/node_modules/skill-testing-ml/node_modules/virtual-alexa/lib/src/impl/SkillInteractor.js:65:41)
    at step (/usr/local/lib/node_modules/bespoken-tools/node_modules/skill-testing-ml/node_modules/virtual-alexa/lib/src/impl/SkillInteractor.js:32:23)
    at Object.next (/usr/local/lib/node_modules/bespoken-tools/node_modules/skill-testing-ml/node_modules/virtual-alexa/lib/src/impl/SkillInteractor.js:13:53)
    at /usr/local/lib/node_modules/bespoken-tools/node_modules/skill-testing-ml/node_modules/virtual-alexa/lib/src/impl/SkillInteractor.js:7:71
    at new Promise (<anonymous>)
2020-12-21T22:12:27.536Z error: bst-test            Error using bst-test on Node: v12.18.3
2020-12-21T22:12:27.546Z error: bst-test            ReferenceError: HelloWorldIntentHandler is not defined
    at Object.<anonymous> (/Users/jamespage/Projects/voice-apps/learning/CocktailMaker/lambda/index.js:167:9)
    at Runtime._execModule (/usr/local/lib/node_modules/bespoken-tools/node_modules/jest-runtime/build/index.js:867:68)
    at Runtime._loadModule (/usr/local/lib/node_modules/bespoken-tools/node_modules/jest-runtime/build/index.js:577:12)
    at Runtime.requireModule (/usr/local/lib/node_modules/bespoken-tools/node_modules/jest-runtime/build/index.js:433:10)
    at Runtime.requireModuleOrMock (/usr/local/lib/node_modules/bespoken-tools/node_modules/jest-runtime/build/index.js:598:21)
    at Function.Object.<anonymous>.ModuleInvoker.invokeHandler (/usr/local/lib/node_modules/bespoken-tools/node_modules/skill-testing-ml/node_modules/virtual-alexa/lib/src/impl/ModuleInvoker.js:17:29)
    at LocalSkillInteractor.Object.<anonymous>.LocalSkillInteractor.invoke (/usr/local/lib/node_modules/bespoken-tools/node_modules/skill-testing-ml/node_modules/virtual-alexa/lib/src/impl/LocalSkillInteractor.js:24:50)
    at LocalSkillInteractor.<anonymous> (/usr/local/lib/node_modules/bespoken-tools/node_modules/skill-testing-ml/node_modules/virtual-alexa/lib/src/impl/SkillInteractor.js:65:41)
    at step (/usr/local/lib/node_modules/bespoken-tools/node_modules/skill-testing-ml/node_modules/virtual-alexa/lib/src/impl/SkillInteractor.js:32:23)
    at Object.next (/usr/local/lib/node_modules/bespoken-tools/node_modules/skill-testing-ml/node_modules/virtual-alexa/lib/src/impl/SkillInteractor.js:13:53)
2020-12-21T22:12:27.547Z error: bst-test            Error using bst-test on Node: v12.18.3
2020-12-21T22:12:27.547Z error: bst-test            TypeError: lambdaFunction is not a function
    at /usr/local/lib/node_modules/bespoken-tools/node_modules/skill-testing-ml/node_modules/virtual-alexa/lib/src/impl/ModuleInvoker.js:31:27
    at new Promise (<anonymous>)
    at Function.Object.<anonymous>.ModuleInvoker.invokeFunction (/usr/local/lib/node_modules/bespoken-tools/node_modules/skill-testing-ml/node_modules/virtual-alexa/lib/src/impl/ModuleInvoker.js:21:16)
    at Function.Object.<anonymous>.ModuleInvoker.invokeHandler (/usr/local/lib/node_modules/bespoken-tools/node_modules/skill-testing-ml/node_modules/virtual-alexa/lib/src/impl/ModuleInvoker.js:18:30)
    at LocalSkillInteractor.Object.<anonymous>.LocalSkillInteractor.invoke (/usr/local/lib/node_modules/bespoken-tools/node_modules/skill-testing-ml/node_modules/virtual-alexa/lib/src/impl/LocalSkillInteractor.js:24:50)
    at LocalSkillInteractor.<anonymous> (/usr/local/lib/node_modules/bespoken-tools/node_modules/skill-testing-ml/node_modules/virtual-alexa/lib/src/impl/SkillInteractor.js:65:41)
    at step (/usr/local/lib/node_modules/bespoken-tools/node_modules/skill-testing-ml/node_modules/virtual-alexa/lib/src/impl/SkillInteractor.js:32:23)
    at Object.next (/usr/local/lib/node_modules/bespoken-tools/node_modules/skill-testing-ml/node_modules/virtual-alexa/lib/src/impl/SkillInteractor.js:13:53)
    at /usr/local/lib/node_modules/bespoken-tools/node_modules/skill-testing-ml/node_modules/virtual-alexa/lib/src/impl/SkillInteractor.js:7:71
    at new Promise (<anonymous>)
2020-12-21T22:12:27.548Z error: bst-test            Error using bst-test on Node: v12.18.3
2020-12-21T22:12:27.548Z error: bst-test            TypeError: lambdaFunction is not a function
    at /usr/local/lib/node_modules/bespoken-tools/node_modules/skill-testing-ml/node_modules/virtual-alexa/lib/src/impl/ModuleInvoker.js:31:27
    at new Promise (<anonymous>)
    at Function.Object.<anonymous>.ModuleInvoker.invokeFunction (/usr/local/lib/node_modules/bespoken-tools/node_modules/skill-testing-ml/node_modules/virtual-alexa/lib/src/impl/ModuleInvoker.js:21:16)
    at Function.Object.<anonymous>.ModuleInvoker.invokeHandler (/usr/local/lib/node_modules/bespoken-tools/node_modules/skill-testing-ml/node_modules/virtual-alexa/lib/src/impl/ModuleInvoker.js:18:30)
    at LocalSkillInteractor.Object.<anonymous>.LocalSkillInteractor.invoke (/usr/local/lib/node_modules/bespoken-tools/node_modules/skill-testing-ml/node_modules/virtual-alexa/lib/src/impl/LocalSkillInteractor.js:24:50)
    at LocalSkillInteractor.<anonymous> (/usr/local/lib/node_modules/bespoken-tools/node_modules/skill-testing-ml/node_modules/virtual-alexa/lib/src/impl/SkillInteractor.js:65:41)
    at step (/usr/local/lib/node_modules/bespoken-tools/node_modules/skill-testing-ml/node_modules/virtual-alexa/lib/src/impl/SkillInteractor.js:32:23)
    at Object.next (/usr/local/lib/node_modules/bespoken-tools/node_modules/skill-testing-ml/node_modules/virtual-alexa/lib/src/impl/SkillInteractor.js:13:53)
    at /usr/local/lib/node_modules/bespoken-tools/node_modules/skill-testing-ml/node_modules/virtual-alexa/lib/src/impl/SkillInteractor.js:7:71
    at new Promise (<anonymous>)
2020-12-21T22:12:27.548Z error: bst-test            Error using bst-test on Node: v12.18.3
2020-12-21T22:12:27.549Z error: bst-test            TypeError: lambdaFunction is not a function
    at /usr/local/lib/node_modules/bespoken-tools/node_modules/skill-testing-ml/node_modules/virtual-alexa/lib/src/impl/ModuleInvoker.js:31:27
    at new Promise (<anonymous>)
    at Function.Object.<anonymous>.ModuleInvoker.invokeFunction (/usr/local/lib/node_modules/bespoken-tools/node_modules/skill-testing-ml/node_modules/virtual-alexa/lib/src/impl/ModuleInvoker.js:21:16)
    at Function.Object.<anonymous>.ModuleInvoker.invokeHandler (/usr/local/lib/node_modules/bespoken-tools/node_modules/skill-testing-ml/node_modules/virtual-alexa/lib/src/impl/ModuleInvoker.js:18:30)
    at LocalSkillInteractor.Object.<anonymous>.LocalSkillInteractor.invoke (/usr/local/lib/node_modules/bespoken-tools/node_modules/skill-testing-ml/node_modules/virtual-alexa/lib/src/impl/LocalSkillInteractor.js:24:50)
    at LocalSkillInteractor.<anonymous> (/usr/local/lib/node_modules/bespoken-tools/node_modules/skill-testing-ml/node_modules/virtual-alexa/lib/src/impl/SkillInteractor.js:65:41)
    at step (/usr/local/lib/node_modules/bespoken-tools/node_modules/skill-testing-ml/node_modules/virtual-alexa/lib/src/impl/SkillInteractor.js:32:23)
    at Object.next (/usr/local/lib/node_modules/bespoken-tools/node_modules/skill-testing-ml/node_modules/virtual-alexa/lib/src/impl/SkillInteractor.js:13:53)
    at /usr/local/lib/node_modules/bespoken-tools/node_modules/skill-testing-ml/node_modules/virtual-alexa/lib/src/impl/SkillInteractor.js:7:71
    at new Promise (<anonymous>)
2020-12-21T22:12:27.549Z error: bst-test            Error using bst-test on Node: v12.18.3
2020-12-21T22:12:27.549Z error: bst-test            TypeError: lambdaFunction is not a function
    at /usr/local/lib/node_modules/bespoken-tools/node_modules/skill-testing-ml/node_modules/virtual-alexa/lib/src/impl/ModuleInvoker.js:31:27
    at new Promise (<anonymous>)
    at Function.Object.<anonymous>.ModuleInvoker.invokeFunction (/usr/local/lib/node_modules/bespoken-tools/node_modules/skill-testing-ml/node_modules/virtual-alexa/lib/src/impl/ModuleInvoker.js:21:16)
    at Function.Object.<anonymous>.ModuleInvoker.invokeHandler (/usr/local/lib/node_modules/bespoken-tools/node_modules/skill-testing-ml/node_modules/virtual-alexa/lib/src/impl/ModuleInvoker.js:18:30)
    at LocalSkillInteractor.Object.<anonymous>.LocalSkillInteractor.invoke (/usr/local/lib/node_modules/bespoken-tools/node_modules/skill-testing-ml/node_modules/virtual-alexa/lib/src/impl/LocalSkillInteractor.js:24:50)
    at LocalSkillInteractor.<anonymous> (/usr/local/lib/node_modules/bespoken-tools/node_modules/skill-testing-ml/node_modules/virtual-alexa/lib/src/impl/SkillInteractor.js:65:41)
    at step (/usr/local/lib/node_modules/bespoken-tools/node_modules/skill-testing-ml/node_modules/virtual-alexa/lib/src/impl/SkillInteractor.js:32:23)
    at Object.next (/usr/local/lib/node_modules/bespoken-tools/node_modules/skill-testing-ml/node_modules/virtual-alexa/lib/src/impl/SkillInteractor.js:13:53)
    at /usr/local/lib/node_modules/bespoken-tools/node_modules/skill-testing-ml/node_modules/virtual-alexa/lib/src/impl/SkillInteractor.js:7:71
    at new Promise (<anonymous>)
